This file contains any messages produced by compilers while
running configure, to aid debugging if configure makes a mistake.

It was created by configure, which was
generated by GNU Autoconf 2.59.  Invocation command line was

  $ ./configure 

## --------- ##
## Platform. ##
## --------- ##

hostname = ts2-tb
uname -m = i686
uname -r = 2.6.25.5-1.1-pae
uname -s = Linux
uname -v = #1 SMP 2008-06-07 01:55:22 +0200

/usr/bin/uname -p = unknown
/bin/uname -X     = unknown

/bin/arch              = i686
/usr/bin/arch -k       = unknown
/usr/convex/getsysinfo = unknown
hostinfo               = unknown
/bin/machine           = unknown
/usr/bin/oslevel       = unknown
/bin/universe          = unknown

PATH: /usr/sbin
PATH: /bin
PATH: /usr/bin
PATH: /sbin


## ----------- ##
## Core tests. ##
## ----------- ##

configure:1344: checking for gcc
configure:1360: found /usr/bin/gcc
configure:1370: result: gcc
configure:1614: checking for C compiler version
configure:1617: gcc --version </dev/null >&5
gcc (SUSE Linux) 4.3.1 20080507 (prerelease) [gcc-4_3-branch revision 135036]
Copyright (C) 2008 Free Software Foundation, Inc.
This is free software; see the source for copying conditions.  There is NO
warranty; not even for MERCHANTABILITY or FITNESS FOR A PARTICULAR PURPOSE.

configure:1620: $? = 0
configure:1622: gcc -v </dev/null >&5
Using built-in specs.
Target: i586-suse-linux
Configured with: ../configure --prefix=/usr --with-local-prefix=/usr/local --infodir=/usr/share/info --mandir=/usr/share/man --libdir=/usr/lib --libexecdir=/usr/lib --enable-languages=c,c++,objc,fortran,obj-c++,java,ada --enable-checking=release --with-gxx-include-dir=/usr/include/c++/4.3 --enable-ssp --disable-libssp --with-bugurl=http://bugs.opensuse.org/ --with-pkgversion='SUSE Linux' --disable-libgcj --with-slibdir=/lib --with-system-zlib --enable-__cxa_atexit --enable-libstdcxx-allocator=new --disable-libstdcxx-pch --program-suffix=-4.3 --enable-version-specific-runtime-libs --enable-linux-futex --without-system-libunwind --with-cpu=generic --build=i586-suse-linux
Thread model: posix
gcc version 4.3.1 20080507 (prerelease) [gcc-4_3-branch revision 135036] (SUSE Linux) 
configure:1625: $? = 0
configure:1627: gcc -V </dev/null >&5
gcc: '-V' option must have argument
configure:1630: $? = 1
configure:1653: checking for C compiler default output file name
configure:1656: gcc    conftest.c  >&5
configure:1659: $? = 0
configure:1705: result: a.out
configure:1710: checking whether the C compiler works
configure:1716: ./a.out
configure:1719: $? = 0
configure:1736: result: yes
configure:1743: checking whether we are cross compiling
configure:1745: result: no
configure:1748: checking for suffix of executables
configure:1750: gcc -o conftest    conftest.c  >&5
configure:1753: $? = 0
configure:1778: result: 
configure:1784: checking for suffix of object files
configure:1805: gcc -c   conftest.c >&5
configure:1808: $? = 0
configure:1830: result: o
configure:1834: checking whether we are using the GNU C compiler
configure:1858: gcc -c   conftest.c >&5
configure:1864: $? = 0
configure:1868: test -z 
			 || test ! -s conftest.err
configure:1871: $? = 0
configure:1874: test -s conftest.o
configure:1877: $? = 0
configure:1890: result: yes
configure:1896: checking whether gcc accepts -g
configure:1917: gcc -c -g  conftest.c >&5
configure:1923: $? = 0
configure:1927: test -z 
			 || test ! -s conftest.err
configure:1930: $? = 0
configure:1933: test -s conftest.o
configure:1936: $? = 0
configure:1947: result: yes
configure:1964: checking for gcc option to accept ANSI C
configure:2034: gcc  -c -g -O2  conftest.c >&5
configure:2040: $? = 0
configure:2044: test -z 
			 || test ! -s conftest.err
configure:2047: $? = 0
configure:2050: test -s conftest.o
configure:2053: $? = 0
configure:2071: result: none needed
configure:2089: gcc -c -g -O2  conftest.c >&5
conftest.c:2: error: expected '=', ',', ';', 'asm' or '__attribute__' before 'me'
configure:2095: $? = 1
configure: failed program was:
| #ifndef __cplusplus
|   choke me
| #endif
configure:2280: checking for g++
configure:2296: found /usr/bin/g++
configure:2306: result: g++
configure:2322: checking for C++ compiler version
configure:2325: g++ --version </dev/null >&5
g++ (SUSE Linux) 4.3.1 20080507 (prerelease) [gcc-4_3-branch revision 135036]
Copyright (C) 2008 Free Software Foundation, Inc.
This is free software; see the source for copying conditions.  There is NO
warranty; not even for MERCHANTABILITY or FITNESS FOR A PARTICULAR PURPOSE.

configure:2328: $? = 0
configure:2330: g++ -v </dev/null >&5
Using built-in specs.
Target: i586-suse-linux
Configured with: ../configure --prefix=/usr --with-local-prefix=/usr/local --infodir=/usr/share/info --mandir=/usr/share/man --libdir=/usr/lib --libexecdir=/usr/lib --enable-languages=c,c++,objc,fortran,obj-c++,java,ada --enable-checking=release --with-gxx-include-dir=/usr/include/c++/4.3 --enable-ssp --disable-libssp --with-bugurl=http://bugs.opensuse.org/ --with-pkgversion='SUSE Linux' --disable-libgcj --with-slibdir=/lib --with-system-zlib --enable-__cxa_atexit --enable-libstdcxx-allocator=new --disable-libstdcxx-pch --program-suffix=-4.3 --enable-version-specific-runtime-libs --enable-linux-futex --without-system-libunwind --with-cpu=generic --build=i586-suse-linux
Thread model: posix
gcc version 4.3.1 20080507 (prerelease) [gcc-4_3-branch revision 135036] (SUSE Linux) 
configure:2333: $? = 0
configure:2335: g++ -V </dev/null >&5
g++: '-V' option must have argument
configure:2338: $? = 1
configure:2341: checking whether we are using the GNU C++ compiler
configure:2365: g++ -c   conftest.cc >&5
configure:2371: $? = 0
configure:2375: test -z 
			 || test ! -s conftest.err
configure:2378: $? = 0
configure:2381: test -s conftest.o
configure:2384: $? = 0
configure:2397: result: yes
configure:2403: checking whether g++ accepts -g
configure:2424: g++ -c -g  conftest.cc >&5
configure:2430: $? = 0
configure:2434: test -z 
			 || test ! -s conftest.err
configure:2437: $? = 0
configure:2440: test -s conftest.o
configure:2443: $? = 0
configure:2454: result: yes
configure:2496: g++ -c -g -O2  conftest.cc >&5
configure:2502: $? = 0
configure:2506: test -z 
			 || test ! -s conftest.err
configure:2509: $? = 0
configure:2512: test -s conftest.o
configure:2515: $? = 0
configure:2541: g++ -c -g -O2  conftest.cc >&5
conftest.cc: In function 'int main()':
conftest.cc:13: error: 'exit' was not declared in this scope
configure:2547: $? = 1
configure: failed program was:
| /* confdefs.h.  */
| 
| #define PACKAGE_NAME ""
| #define PACKAGE_TARNAME ""
| #define PACKAGE_VERSION ""
| #define PACKAGE_STRING ""
| #define PACKAGE_BUGREPORT ""
| /* end confdefs.h.  */
| 
| int
| main ()
| {
| exit (42);
|   ;
|   return 0;
| }
configure:2496: g++ -c -g -O2  conftest.cc >&5
conftest.cc:9: error: 'void std::exit(int)' should have been declared inside 'std'
configure:2502: $? = 1
configure: failed program was:
| /* confdefs.h.  */
| 
| #define PACKAGE_NAME ""
| #define PACKAGE_TARNAME ""
| #define PACKAGE_VERSION ""
| #define PACKAGE_STRING ""
| #define PACKAGE_BUGREPORT ""
| /* end confdefs.h.  */
| extern "C" void std::exit (int) throw (); using std::exit;
| #include <stdlib.h>
| int
| main ()
| {
| exit (42);
|   ;
|   return 0;
| }
configure:2496: g++ -c -g -O2  conftest.cc >&5
conftest.cc:9: error: 'void std::exit(int)' should have been declared inside 'std'
In file included from conftest.cc:10:
/usr/include/stdlib.h:531: error: declaration of 'void std::exit(int) throw ()' throws different exceptions
conftest.cc:9: error: from previous declaration 'void std::exit(int)'
configure:2502: $? = 1
configure: failed program was:
| /* confdefs.h.  */
| 
| #define PACKAGE_NAME ""
| #define PACKAGE_TARNAME ""
| #define PACKAGE_VERSION ""
| #define PACKAGE_STRING ""
| #define PACKAGE_BUGREPORT ""
| /* end confdefs.h.  */
| extern "C" void std::exit (int); using std::exit;
| #include <stdlib.h>
| int
| main ()
| {
| exit (42);
|   ;
|   return 0;
| }
configure:2496: g++ -c -g -O2  conftest.cc >&5
configure:2502: $? = 0
configure:2506: test -z 
			 || test ! -s conftest.err
configure:2509: $? = 0
configure:2512: test -s conftest.o
configure:2515: $? = 0
configure:2541: g++ -c -g -O2  conftest.cc >&5
configure:2547: $? = 0
configure:2551: test -z 
			 || test ! -s conftest.err
configure:2554: $? = 0
configure:2557: test -s conftest.o
configure:2560: $? = 0
configure:2621: checking for a BSD-compatible install
configure:2676: result: /usr/bin/install -c
configure:2687: checking whether ln -s works
configure:2691: result: yes
configure:2698: checking whether make sets $(MAKE)
configure:2718: result: yes
configure:2768: checking for ranlib
configure:2784: found /usr/bin/ranlib
configure:2795: result: ranlib
configure:2810: checking for ar
configure:2828: found /usr/bin/ar
configure:2840: result: /usr/bin/ar
configure:2849: checking for ld
configure:2867: found /usr/bin/ld
configure:2879: result: /usr/bin/ld
configure:2888: checking for ranlib
configure:2906: found /usr/bin/ranlib
configure:2918: result: /usr/bin/ranlib
configure:2927: checking for rm
configure:2945: found /bin/rm
configure:2957: result: /bin/rm
configure:2966: checking for chmod
configure:2984: found /bin/chmod
configure:2996: result: /bin/chmod
configure:3006: checking for library containing strerror
configure:3036: gcc -o conftest -g -O2   conftest.c  >&5
configure:3042: $? = 0
configure:3046: test -z 
			 || test ! -s conftest.err
configure:3049: $? = 0
configure:3052: test -s conftest
configure:3055: $? = 0
configure:3125: result: none required
configure:3138: checking how to run the C preprocessor
configure:3173: gcc -E  conftest.c
configure:3179: $? = 0
configure:3211: gcc -E  conftest.c
conftest.c:12:28: error: ac_nonexistent.h: No such file or directory
configure:3217: $? = 1
configure: failed program was:
| /* confdefs.h.  */
| 
| #define PACKAGE_NAME ""
| #define PACKAGE_TARNAME ""
| #define PACKAGE_VERSION ""
| #define PACKAGE_STRING ""
| #define PACKAGE_BUGREPORT ""
| #ifdef __cplusplus
| extern "C" void exit (int) throw ();
| #endif
| /* end confdefs.h.  */
| #include <ac_nonexistent.h>
configure:3256: result: gcc -E
configure:3280: gcc -E  conftest.c
configure:3286: $? = 0
configure:3318: gcc -E  conftest.c
conftest.c:12:28: error: ac_nonexistent.h: No such file or directory
configure:3324: $? = 1
configure: failed program was:
| /* confdefs.h.  */
| 
| #define PACKAGE_NAME ""
| #define PACKAGE_TARNAME ""
| #define PACKAGE_VERSION ""
| #define PACKAGE_STRING ""
| #define PACKAGE_BUGREPORT ""
| #ifdef __cplusplus
| extern "C" void exit (int) throw ();
| #endif
| /* end confdefs.h.  */
| #include <ac_nonexistent.h>
configure:3368: checking for egrep
configure:3378: result: grep -E
configure:3383: checking for ANSI C header files
configure:3408: gcc -c -g -O2  conftest.c >&5
configure:3414: $? = 0
configure:3418: test -z 
			 || test ! -s conftest.err
configure:3421: $? = 0
configure:3424: test -s conftest.o
configure:3427: $? = 0
configure:3516: gcc -o conftest -g -O2   conftest.c  >&5
conftest.c: In function 'main':
conftest.c:29: warning: incompatible implicit declaration of built-in function 'exit'
configure:3519: $? = 0
configure:3521: ./conftest
configure:3524: $? = 0
configure:3539: result: yes
configure:3563: checking for sys/types.h
configure:3579: gcc -c -g -O2  conftest.c >&5
configure:3585: $? = 0
configure:3589: test -z 
			 || test ! -s conftest.err
configure:3592: $? = 0
configure:3595: test -s conftest.o
configure:3598: $? = 0
configure:3609: result: yes
configure:3563: checking for sys/stat.h
configure:3579: gcc -c -g -O2  conftest.c >&5
configure:3585: $? = 0
configure:3589: test -z 
			 || test ! -s conftest.err
configure:3592: $? = 0
configure:3595: test -s conftest.o
configure:3598: $? = 0
configure:3609: result: yes
configure:3563: checking for stdlib.h
configure:3579: gcc -c -g -O2  conftest.c >&5
configure:3585: $? = 0
configure:3589: test -z 
			 || test ! -s conftest.err
configure:3592: $? = 0
configure:3595: test -s conftest.o
configure:3598: $? = 0
configure:3609: result: yes
configure:3563: checking for string.h
configure:3579: gcc -c -g -O2  conftest.c >&5
configure:3585: $? = 0
configure:3589: test -z 
			 || test ! -s conftest.err
configure:3592: $? = 0
configure:3595: test -s conftest.o
configure:3598: $? = 0
configure:3609: result: yes
configure:3563: checking for memory.h
configure:3579: gcc -c -g -O2  conftest.c >&5
configure:3585: $? = 0
configure:3589: test -z 
			 || test ! -s conftest.err
configure:3592: $? = 0
configure:3595: test -s conftest.o
configure:3598: $? = 0
configure:3609: result: yes
configure:3563: checking for strings.h
configure:3579: gcc -c -g -O2  conftest.c >&5
configure:3585: $? = 0
configure:3589: test -z 
			 || test ! -s conftest.err
configure:3592: $? = 0
configure:3595: test -s conftest.o
configure:3598: $? = 0
configure:3609: result: yes
configure:3563: checking for inttypes.h
configure:3579: gcc -c -g -O2  conftest.c >&5
configure:3585: $? = 0
configure:3589: test -z 
			 || test ! -s conftest.err
configure:3592: $? = 0
configure:3595: test -s conftest.o
configure:3598: $? = 0
configure:3609: result: yes
configure:3563: checking for stdint.h
configure:3579: gcc -c -g -O2  conftest.c >&5
configure:3585: $? = 0
configure:3589: test -z 
			 || test ! -s conftest.err
configure:3592: $? = 0
configure:3595: test -s conftest.o
configure:3598: $? = 0
configure:3609: result: yes
configure:3563: checking for unistd.h
configure:3579: gcc -c -g -O2  conftest.c >&5
configure:3585: $? = 0
configure:3589: test -z 
			 || test ! -s conftest.err
configure:3592: $? = 0
configure:3595: test -s conftest.o
configure:3598: $? = 0
configure:3609: result: yes
configure:3641: checking sys/file.h usability
configure:3653: gcc -c -g -O2  conftest.c >&5
configure:3659: $? = 0
configure:3663: test -z 
			 || test ! -s conftest.err
configure:3666: $? = 0
configure:3669: test -s conftest.o
configure:3672: $? = 0
configure:3682: result: yes
configure:3686: checking sys/file.h presence
configure:3696: gcc -E  conftest.c
configure:3702: $? = 0
configure:3722: result: yes
configure:3757: checking for sys/file.h
configure:3764: result: yes
configure:3641: checking sys/ioctl.h usability
configure:3653: gcc -c -g -O2  conftest.c >&5
configure:3659: $? = 0
configure:3663: test -z 
			 || test ! -s conftest.err
configure:3666: $? = 0
configure:3669: test -s conftest.o
configure:3672: $? = 0
configure:3682: result: yes
configure:3686: checking sys/ioctl.h presence
configure:3696: gcc -E  conftest.c
configure:3702: $? = 0
configure:3722: result: yes
configure:3757: checking for sys/ioctl.h
configure:3764: result: yes
configure:3641: checking sys/time.h usability
configure:3653: gcc -c -g -O2  conftest.c >&5
configure:3659: $? = 0
configure:3663: test -z 
			 || test ! -s conftest.err
configure:3666: $? = 0
configure:3669: test -s conftest.o
configure:3672: $? = 0
configure:3682: result: yes
configure:3686: checking sys/time.h presence
configure:3696: gcc -E  conftest.c
configure:3702: $? = 0
configure:3722: result: yes
configure:3757: checking for sys/time.h
configure:3764: result: yes
configure:3632: checking for unistd.h
configure:3637: result: yes
configure:3641: checking sys/select.h usability
configure:3653: gcc -c -g -O2  conftest.c >&5
configure:3659: $? = 0
configure:3663: test -z 
			 || test ! -s conftest.err
configure:3666: $? = 0
configure:3669: test -s conftest.o
configure:3672: $? = 0
configure:3682: result: yes
configure:3686: checking sys/select.h presence
configure:3696: gcc -E  conftest.c
configure:3702: $? = 0
configure:3722: result: yes
configure:3757: checking for sys/select.h
configure:3764: result: yes
configure:3641: checking sys/epoll.h usability
configure:3653: gcc -c -g -O2  conftest.c >&5
configure:3659: $? = 0
configure:3663: test -z 
			 || test ! -s conftest.err
configure:3666: $? = 0
configure:3669: test -s conftest.o
configure:3672: $? = 0
configure:3682: result: yes
configure:3686: checking sys/epoll.h presence
configure:3696: gcc -E  conftest.c
configure:3702: $? = 0
configure:3722: result: yes
configure:3757: checking for sys/epoll.h
configure:3764: result: yes
configure:3641: checking sys/event.h usability
configure:3653: gcc -c -g -O2  conftest.c >&5
conftest.c:62:23: error: sys/event.h: No such file or directory
configure:3659: $? = 1
configure: failed program was:
| /* confdefs.h.  */
| 
| #define PACKAGE_NAME ""
| #define PACKAGE_TARNAME ""
| #define PACKAGE_VERSION ""
| #define PACKAGE_STRING ""
| #define PACKAGE_BUGREPORT ""
| #ifdef __cplusplus
| extern "C" void exit (int) throw ();
| #endif
| #define STDC_HEADERS 1
| #define HAVE_SYS_TYPES_H 1
| #define HAVE_SYS_STAT_H 1
| #define HAVE_STDLIB_H 1
| #define HAVE_STRING_H 1
| #define HAVE_MEMORY_H 1
| #define HAVE_STRINGS_H 1
| #define HAVE_INTTYPES_H 1
| #define HAVE_STDINT_H 1
| #define HAVE_UNISTD_H 1
| #define HAVE_SYS_FILE_H 1
| #define HAVE_SYS_IOCTL_H 1
| #define HAVE_SYS_TIME_H 1
| #define HAVE_UNISTD_H 1
| #define HAVE_SYS_SELECT_H 1
| #define HAVE_SYS_EPOLL_H 1
| /* end confdefs.h.  */
| #include <stdio.h>
| #if HAVE_SYS_TYPES_H
| # include <sys/types.h>
| #endif
| #if HAVE_SYS_STAT_H
| # include <sys/stat.h>
| #endif
| #if STDC_HEADERS
| # include <stdlib.h>
| # include <stddef.h>
| #else
| # if HAVE_STDLIB_H
| #  include <stdlib.h>
| # endif
| #endif
| #if HAVE_STRING_H
| # if !STDC_HEADERS && HAVE_MEMORY_H
| #  include <memory.h>
| # endif
| # include <string.h>
| #endif
| #if HAVE_STRINGS_H
| # include <strings.h>
| #endif
| #if HAVE_INTTYPES_H
| # include <inttypes.h>
| #else
| # if HAVE_STDINT_H
| #  include <stdint.h>
| # endif
| #endif
| #if HAVE_UNISTD_H
| # include <unistd.h>
| #endif
| #include <sys/event.h>
configure:3682: result: no
configure:3686: checking sys/event.h presence
configure:3696: gcc -E  conftest.c
conftest.c:28:23: error: sys/event.h: No such file or directory
configure:3702: $? = 1
configure: failed program was:
| /* confdefs.h.  */
| 
| #define PACKAGE_NAME ""
| #define PACKAGE_TARNAME ""
| #define PACKAGE_VERSION ""
| #define PACKAGE_STRING ""
| #define PACKAGE_BUGREPORT ""
| #ifdef __cplusplus
| extern "C" void exit (int) throw ();
| #endif
| #define STDC_HEADERS 1
| #define HAVE_SYS_TYPES_H 1
| #define HAVE_SYS_STAT_H 1
| #define HAVE_STDLIB_H 1
| #define HAVE_STRING_H 1
| #define HAVE_MEMORY_H 1
| #define HAVE_STRINGS_H 1
| #define HAVE_INTTYPES_H 1
| #define HAVE_STDINT_H 1
| #define HAVE_UNISTD_H 1
| #define HAVE_SYS_FILE_H 1
| #define HAVE_SYS_IOCTL_H 1
| #define HAVE_SYS_TIME_H 1
| #define HAVE_UNISTD_H 1
| #define HAVE_SYS_SELECT_H 1
| #define HAVE_SYS_EPOLL_H 1
| /* end confdefs.h.  */
| #include <sys/event.h>
configure:3722: result: no
configure:3757: checking for sys/event.h
configure:3764: result: no
configure:3778: checking for an ANSI C-conforming const
configure:3845: gcc -c -g -O2  conftest.c >&5
configure:3851: $? = 0
configure:3855: test -z 
			 || test ! -s conftest.err
configure:3858: $? = 0
configure:3861: test -s conftest.o
configure:3864: $? = 0
configure:3875: result: yes
configure:3885: checking for size_t
configure:3909: gcc -c -g -O2  conftest.c >&5
configure:3915: $? = 0
configure:3919: test -z 
			 || test ! -s conftest.err
configure:3922: $? = 0
configure:3925: test -s conftest.o
configure:3928: $? = 0
configure:3939: result: yes
configure:3951: checking whether time.h and sys/time.h may both be included
configure:3976: gcc -c -g -O2  conftest.c >&5
configure:3982: $? = 0
configure:3986: test -z 
			 || test ! -s conftest.err
configure:3989: $? = 0
configure:3992: test -s conftest.o
configure:3995: $? = 0
configure:4006: result: yes
configure:4016: checking whether struct tm is in sys/time.h or time.h
configure:4039: gcc -c -g -O2  conftest.c >&5
configure:4045: $? = 0
configure:4049: test -z 
			 || test ! -s conftest.err
configure:4052: $? = 0
configure:4055: test -s conftest.o
configure:4058: $? = 0
configure:4069: result: time.h
configure:4080: checking whether setpgrp takes no argument
configure:4112: gcc -o conftest -g -O2   conftest.c  >&5
conftest.c: In function 'main':
conftest.c:39: warning: incompatible implicit declaration of built-in function 'exit'
conftest.c:39: error: too many arguments to function 'setpgrp'
configure:4115: $? = 1
configure: program exited with status 1
configure: failed program was:
| /* confdefs.h.  */
| 
| #define PACKAGE_NAME ""
| #define PACKAGE_TARNAME ""
| #define PACKAGE_VERSION ""
| #define PACKAGE_STRING ""
| #define PACKAGE_BUGREPORT ""
| #ifdef __cplusplus
| extern "C" void exit (int) throw ();
| #endif
| #define STDC_HEADERS 1
| #define HAVE_SYS_TYPES_H 1
| #define HAVE_SYS_STAT_H 1
| #define HAVE_STDLIB_H 1
| #define HAVE_STRING_H 1
| #define HAVE_MEMORY_H 1
| #define HAVE_STRINGS_H 1
| #define HAVE_INTTYPES_H 1
| #define HAVE_STDINT_H 1
| #define HAVE_UNISTD_H 1
| #define HAVE_SYS_FILE_H 1
| #define HAVE_SYS_IOCTL_H 1
| #define HAVE_SYS_TIME_H 1
| #define HAVE_UNISTD_H 1
| #define HAVE_SYS_SELECT_H 1
| #define HAVE_SYS_EPOLL_H 1
| #define TIME_WITH_SYS_TIME 1
| /* end confdefs.h.  */
| #if HAVE_UNISTD_H
| # include <unistd.h>
| #endif
| 
| int
| main ()
| {
| /* If this system has a BSD-style setpgrp which takes arguments,
|   setpgrp(1, 1) will fail with ESRCH and return -1, in that case
|   exit successfully. */
|   exit (setpgrp (1,1) == -1 ? 0 : 1);
|   ;
|   return 0;
| }
configure:4134: result: yes
configure:4144: checking return type of signal handlers
configure:4175: gcc -c -g -O2  conftest.c >&5
configure:4181: $? = 0
configure:4185: test -z 
			 || test ! -s conftest.err
configure:4188: $? = 0
configure:4191: test -s conftest.o
configure:4194: $? = 0
configure:4205: result: void
configure:4217: checking for vprintf
configure:4274: gcc -o conftest -g -O2   conftest.c  >&5
conftest.c:55: warning: conflicting types for built-in function 'vprintf'
configure:4280: $? = 0
configure:4284: test -z 
			 || test ! -s conftest.err
configure:4287: $? = 0
configure:4290: test -s conftest
configure:4293: $? = 0
configure:4305: result: yes
configure:4312: checking for _doprnt
configure:4369: gcc -o conftest -g -O2   conftest.c  >&5
/tmp/ccks04vX.o: In function `main':
/home/sean/work/ts2/org/raslib/conftest.c:71: undefined reference to `_doprnt'
/tmp/ccks04vX.o:(.data+0x0): undefined reference to `_doprnt'
collect2: ld returned 1 exit status
configure:4375: $? = 1
configure: failed program was:
| /* confdefs.h.  */
| 
| #define PACKAGE_NAME ""
| #define PACKAGE_TARNAME ""
| #define PACKAGE_VERSION ""
| #define PACKAGE_STRING ""
| #define PACKAGE_BUGREPORT ""
| #ifdef __cplusplus
| extern "C" void exit (int) throw ();
| #endif
| #define STDC_HEADERS 1
| #define HAVE_SYS_TYPES_H 1
| #define HAVE_SYS_STAT_H 1
| #define HAVE_STDLIB_H 1
| #define HAVE_STRING_H 1
| #define HAVE_MEMORY_H 1
| #define HAVE_STRINGS_H 1
| #define HAVE_INTTYPES_H 1
| #define HAVE_STDINT_H 1
| #define HAVE_UNISTD_H 1
| #define HAVE_SYS_FILE_H 1
| #define HAVE_SYS_IOCTL_H 1
| #define HAVE_SYS_TIME_H 1
| #define HAVE_UNISTD_H 1
| #define HAVE_SYS_SELECT_H 1
| #define HAVE_SYS_EPOLL_H 1
| #define TIME_WITH_SYS_TIME 1
| #define SETPGRP_VOID 1
| #define RETSIGTYPE void
| #define HAVE_VPRINTF 1
| /* end confdefs.h.  */
| /* Define _doprnt to an innocuous variant, in case <limits.h> declares _doprnt.
|    For example, HP-UX 11i <limits.h> declares gettimeofday.  */
| #define _doprnt innocuous__doprnt
| 
| /* System header to define __stub macros and hopefully few prototypes,
|     which can conflict with char _doprnt (); below.
|     Prefer <limits.h> to <assert.h> if __STDC__ is defined, since
|     <limits.h> exists even on freestanding compilers.  */
| 
| #ifdef __STDC__
| # include <limits.h>
| #else
| # include <assert.h>
| #endif
| 
| #undef _doprnt
| 
| /* Override any gcc2 internal prototype to avoid an error.  */
| #ifdef __cplusplus
| extern "C"
| {
| #endif
| /* We use char because int might match the return type of a gcc2
|    builtin and then its argument prototype would still apply.  */
| char _doprnt ();
| /* The GNU C library defines this for functions which it implements
|     to always fail with ENOSYS.  Some functions are actually named
|     something starting with __ and the normal name is an alias.  */
| #if defined (__stub__doprnt) || defined (__stub____doprnt)
| choke me
| #else
| char (*f) () = _doprnt;
| #endif
| #ifdef __cplusplus
| }
| #endif
| 
| int
| main ()
| {
| return f != _doprnt;
|   ;
|   return 0;
| }
configure:4400: result: no
configure:4422: checking for socket
configure:4479: gcc -o conftest -g -O2   conftest.c  >&5
configure:4485: $? = 0
configure:4489: test -z 
			 || test ! -s conftest.err
configure:4492: $? = 0
configure:4495: test -s conftest
configure:4498: $? = 0
configure:4510: result: yes
configure:4422: checking for strdup
configure:4479: gcc -o conftest -g -O2   conftest.c  >&5
conftest.c:57: warning: conflicting types for built-in function 'strdup'
configure:4485: $? = 0
configure:4489: test -z 
			 || test ! -s conftest.err
configure:4492: $? = 0
configure:4495: test -s conftest
configure:4498: $? = 0
configure:4510: result: yes
configure:4422: checking for select
configure:4479: gcc -o conftest -g -O2   conftest.c  >&5
configure:4485: $? = 0
configure:4489: test -z 
			 || test ! -s conftest.err
configure:4492: $? = 0
configure:4495: test -s conftest
configure:4498: $? = 0
configure:4510: result: yes
configure:4422: checking for epoll
configure:4479: gcc -o conftest -g -O2   conftest.c  >&5
/tmp/cc4AxBXn.o: In function `main':
/home/sean/work/ts2/org/raslib/conftest.c:74: undefined reference to `epoll'
/tmp/cc4AxBXn.o:(.data+0x0): undefined reference to `epoll'
collect2: ld returned 1 exit status
configure:4485: $? = 1
configure: failed program was:
| /* confdefs.h.  */
| 
| #define PACKAGE_NAME ""
| #define PACKAGE_TARNAME ""
| #define PACKAGE_VERSION ""
| #define PACKAGE_STRING ""
| #define PACKAGE_BUGREPORT ""
| #ifdef __cplusplus
| extern "C" void exit (int) throw ();
| #endif
| #define STDC_HEADERS 1
| #define HAVE_SYS_TYPES_H 1
| #define HAVE_SYS_STAT_H 1
| #define HAVE_STDLIB_H 1
| #define HAVE_STRING_H 1
| #define HAVE_MEMORY_H 1
| #define HAVE_STRINGS_H 1
| #define HAVE_INTTYPES_H 1
| #define HAVE_STDINT_H 1
| #define HAVE_UNISTD_H 1
| #define HAVE_SYS_FILE_H 1
| #define HAVE_SYS_IOCTL_H 1
| #define HAVE_SYS_TIME_H 1
| #define HAVE_UNISTD_H 1
| #define HAVE_SYS_SELECT_H 1
| #define HAVE_SYS_EPOLL_H 1
| #define TIME_WITH_SYS_TIME 1
| #define SETPGRP_VOID 1
| #define RETSIGTYPE void
| #define HAVE_VPRINTF 1
| #define HAVE_SOCKET 1
| #define HAVE_STRDUP 1
| #define HAVE_SELECT 1
| /* end confdefs.h.  */
| /* Define epoll to an innocuous variant, in case <limits.h> declares epoll.
|    For example, HP-UX 11i <limits.h> declares gettimeofday.  */
| #define epoll innocuous_epoll
| 
| /* System header to define __stub macros and hopefully few prototypes,
|     which can conflict with char epoll (); below.
|     Prefer <limits.h> to <assert.h> if __STDC__ is defined, since
|     <limits.h> exists even on freestanding compilers.  */
| 
| #ifdef __STDC__
| # include <limits.h>
| #else
| # include <assert.h>
| #endif
| 
| #undef epoll
| 
| /* Override any gcc2 internal prototype to avoid an error.  */
| #ifdef __cplusplus
| extern "C"
| {
| #endif
| /* We use char because int might match the return type of a gcc2
|    builtin and then its argument prototype would still apply.  */
| char epoll ();
| /* The GNU C library defines this for functions which it implements
|     to always fail with ENOSYS.  Some functions are actually named
|     something starting with __ and the normal name is an alias.  */
| #if defined (__stub_epoll) || defined (__stub___epoll)
| choke me
| #else
| char (*f) () = epoll;
| #endif
| #ifdef __cplusplus
| }
| #endif
| 
| int
| main ()
| {
| return f != epoll;
|   ;
|   return 0;
| }
configure:4510: result: no
configure:4422: checking for kqueue
configure:4479: gcc -o conftest -g -O2   conftest.c  >&5
/tmp/ccK4nQNw.o: In function `main':
/home/sean/work/ts2/org/raslib/conftest.c:74: undefined reference to `kqueue'
/tmp/ccK4nQNw.o:(.data+0x0): undefined reference to `kqueue'
collect2: ld returned 1 exit status
configure:4485: $? = 1
configure: failed program was:
| /* confdefs.h.  */
| 
| #define PACKAGE_NAME ""
| #define PACKAGE_TARNAME ""
| #define PACKAGE_VERSION ""
| #define PACKAGE_STRING ""
| #define PACKAGE_BUGREPORT ""
| #ifdef __cplusplus
| extern "C" void exit (int) throw ();
| #endif
| #define STDC_HEADERS 1
| #define HAVE_SYS_TYPES_H 1
| #define HAVE_SYS_STAT_H 1
| #define HAVE_STDLIB_H 1
| #define HAVE_STRING_H 1
| #define HAVE_MEMORY_H 1
| #define HAVE_STRINGS_H 1
| #define HAVE_INTTYPES_H 1
| #define HAVE_STDINT_H 1
| #define HAVE_UNISTD_H 1
| #define HAVE_SYS_FILE_H 1
| #define HAVE_SYS_IOCTL_H 1
| #define HAVE_SYS_TIME_H 1
| #define HAVE_UNISTD_H 1
| #define HAVE_SYS_SELECT_H 1
| #define HAVE_SYS_EPOLL_H 1
| #define TIME_WITH_SYS_TIME 1
| #define SETPGRP_VOID 1
| #define RETSIGTYPE void
| #define HAVE_VPRINTF 1
| #define HAVE_SOCKET 1
| #define HAVE_STRDUP 1
| #define HAVE_SELECT 1
| /* end confdefs.h.  */
| /* Define kqueue to an innocuous variant, in case <limits.h> declares kqueue.
|    For example, HP-UX 11i <limits.h> declares gettimeofday.  */
| #define kqueue innocuous_kqueue
| 
| /* System header to define __stub macros and hopefully few prototypes,
|     which can conflict with char kqueue (); below.
|     Prefer <limits.h> to <assert.h> if __STDC__ is defined, since
|     <limits.h> exists even on freestanding compilers.  */
| 
| #ifdef __STDC__
| # include <limits.h>
| #else
| # include <assert.h>
| #endif
| 
| #undef kqueue
| 
| /* Override any gcc2 internal prototype to avoid an error.  */
| #ifdef __cplusplus
| extern "C"
| {
| #endif
| /* We use char because int might match the return type of a gcc2
|    builtin and then its argument prototype would still apply.  */
| char kqueue ();
| /* The GNU C library defines this for functions which it implements
|     to always fail with ENOSYS.  Some functions are actually named
|     something starting with __ and the normal name is an alias.  */
| #if defined (__stub_kqueue) || defined (__stub___kqueue)
| choke me
| #else
| char (*f) () = kqueue;
| #endif
| #ifdef __cplusplus
| }
| #endif
| 
| int
| main ()
| {
| return f != kqueue;
|   ;
|   return 0;
| }
configure:4510: result: no
configure:4648: creating ./config.status

## ---------------------- ##
## Running config.status. ##
## ---------------------- ##

This file was extended by config.status, which was
generated by GNU Autoconf 2.59.  Invocation command line was

  CONFIG_FILES    = 
  CONFIG_HEADERS  = 
  CONFIG_LINKS    = 
  CONFIG_COMMANDS = 
  $ ./config.status 

on ts2-tb

config.status:653: creating src/Makefile
config.status:653: creating Makefile

## ---------------- ##
## Cache variables. ##
## ---------------- ##

ac_cv_c_compiler_gnu=yes
ac_cv_c_const=yes
ac_cv_cxx_compiler_gnu=yes
ac_cv_env_CC_set=
ac_cv_env_CC_value=
ac_cv_env_CFLAGS_set=
ac_cv_env_CFLAGS_value=
ac_cv_env_CPPFLAGS_set=
ac_cv_env_CPPFLAGS_value=
ac_cv_env_CPP_set=
ac_cv_env_CPP_value=
ac_cv_env_CXXFLAGS_set=
ac_cv_env_CXXFLAGS_value=
ac_cv_env_CXX_set=
ac_cv_env_CXX_value=
ac_cv_env_LDFLAGS_set=
ac_cv_env_LDFLAGS_value=
ac_cv_env_build_alias_set=
ac_cv_env_build_alias_value=
ac_cv_env_host_alias_set=
ac_cv_env_host_alias_value=
ac_cv_env_target_alias_set=
ac_cv_env_target_alias_value=
ac_cv_exeext=
ac_cv_func__doprnt=no
ac_cv_func_epoll=no
ac_cv_func_kqueue=no
ac_cv_func_select=yes
ac_cv_func_setpgrp_void=yes
ac_cv_func_socket=yes
ac_cv_func_strdup=yes
ac_cv_func_vprintf=yes
ac_cv_header_inttypes_h=yes
ac_cv_header_memory_h=yes
ac_cv_header_stdc=yes
ac_cv_header_stdint_h=yes
ac_cv_header_stdlib_h=yes
ac_cv_header_string_h=yes
ac_cv_header_strings_h=yes
ac_cv_header_sys_epoll_h=yes
ac_cv_header_sys_event_h=no
ac_cv_header_sys_file_h=yes
ac_cv_header_sys_ioctl_h=yes
ac_cv_header_sys_select_h=yes
ac_cv_header_sys_stat_h=yes
ac_cv_header_sys_time_h=yes
ac_cv_header_sys_types_h=yes
ac_cv_header_time=yes
ac_cv_header_unistd_h=yes
ac_cv_objext=o
ac_cv_path_AR=/usr/bin/ar
ac_cv_path_CHMOD=/bin/chmod
ac_cv_path_LD=/usr/bin/ld
ac_cv_path_RANLIB=/usr/bin/ranlib
ac_cv_path_RM=/bin/rm
ac_cv_path_install='/usr/bin/install -c'
ac_cv_prog_CPP='gcc -E'
ac_cv_prog_ac_ct_CC=gcc
ac_cv_prog_ac_ct_CXX=g++
ac_cv_prog_ac_ct_RANLIB=ranlib
ac_cv_prog_cc_g=yes
ac_cv_prog_cc_stdc=
ac_cv_prog_cxx_g=yes
ac_cv_prog_egrep='grep -E'
ac_cv_prog_make_make_set=yes
ac_cv_search_strerror='none required'
ac_cv_struct_tm=time.h
ac_cv_type_signal=void
ac_cv_type_size_t=yes

## ----------------- ##
## Output variables. ##
## ----------------- ##

AR='/usr/bin/ar'
CC='gcc'
CFLAGS='-g -O2'
CHMOD='/bin/chmod'
CPP='gcc -E'
CPPFLAGS=''
CXX='g++'
CXXFLAGS='-g -O2'
DEFS='-DPACKAGE_NAME=\"\" -DPACKAGE_TARNAME=\"\" -DPACKAGE_VERSION=\"\" -DPACKAGE_STRING=\"\" -DPACKAGE_BUGREPORT=\"\" -DSTDC_HEADERS=1 -DHAVE_SYS_TYPES_H=1 -DHAVE_SYS_STAT_H=1 -DHAVE_STDLIB_H=1 -DHAVE_STRING_H=1 -DHAVE_MEMORY_H=1 -DHAVE_STRINGS_H=1 -DHAVE_INTTYPES_H=1 -DHAVE_STDINT_H=1 -DHAVE_UNISTD_H=1 -DHAVE_SYS_FILE_H=1 -DHAVE_SYS_IOCTL_H=1 -DHAVE_SYS_TIME_H=1 -DHAVE_UNISTD_H=1 -DHAVE_SYS_SELECT_H=1 -DHAVE_SYS_EPOLL_H=1 -DTIME_WITH_SYS_TIME=1 -DSETPGRP_VOID=1 -DRETSIGTYPE=void -DHAVE_VPRINTF=1 -DHAVE_SOCKET=1 -DHAVE_STRDUP=1 -DHAVE_SELECT=1 '
ECHO_C=''
ECHO_N='-n'
ECHO_T=''
EGREP='grep -E'
EXEEXT=''
INSTALL_DATA='${INSTALL} -m 644'
INSTALL_PROGRAM='${INSTALL}'
INSTALL_SCRIPT='${INSTALL}'
LD='/usr/bin/ld'
LDFLAGS=''
LIBOBJS=''
LIBS=''
LN_S='ln -s'
LTLIBOBJS=''
OBJEXT='o'
PACKAGE_BUGREPORT=''
PACKAGE_NAME=''
PACKAGE_STRING=''
PACKAGE_TARNAME=''
PACKAGE_VERSION=''
PATH_SEPARATOR=':'
RANLIB='/usr/bin/ranlib'
RM='/bin/rm'
SET_MAKE=''
SHELL='/bin/sh'
ac_ct_CC='gcc'
ac_ct_CXX='g++'
ac_ct_RANLIB='ranlib'
bindir='${exec_prefix}/bin'
build_alias=''
datadir='${prefix}/share'
exec_prefix='${prefix}'
host_alias=''
includedir='${prefix}/include'
infodir='${prefix}/info'
libdir='${exec_prefix}/lib'
libexecdir='${exec_prefix}/libexec'
localstatedir='${prefix}/var'
mandir='${prefix}/man'
oldincludedir='/usr/include'
prefix='/usr/local'
program_transform_name='s,x,x,'
sbindir='${exec_prefix}/sbin'
sharedstatedir='${prefix}/com'
sysconfdir='${prefix}/etc'
target_alias=''

## ----------- ##
## confdefs.h. ##
## ----------- ##

#define HAVE_INTTYPES_H 1
#define HAVE_MEMORY_H 1
#define HAVE_SELECT 1
#define HAVE_SOCKET 1
#define HAVE_STDINT_H 1
#define HAVE_STDLIB_H 1
#define HAVE_STRDUP 1
#define HAVE_STRINGS_H 1
#define HAVE_STRING_H 1
#define HAVE_SYS_EPOLL_H 1
#define HAVE_SYS_FILE_H 1
#define HAVE_SYS_IOCTL_H 1
#define HAVE_SYS_SELECT_H 1
#define HAVE_SYS_STAT_H 1
#define HAVE_SYS_TIME_H 1
#define HAVE_SYS_TYPES_H 1
#define HAVE_UNISTD_H 1
#define HAVE_UNISTD_H 1
#define HAVE_VPRINTF 1
#define PACKAGE_BUGREPORT ""
#define PACKAGE_NAME ""
#define PACKAGE_STRING ""
#define PACKAGE_TARNAME ""
#define PACKAGE_VERSION ""
#define RETSIGTYPE void
#define SETPGRP_VOID 1
#define STDC_HEADERS 1
#define TIME_WITH_SYS_TIME 1
#endif
#ifdef __cplusplus
extern "C" void exit (int) throw ();

configure: exit 0
